<?xml version="1.0" encoding="UTF-8"?>
<testng-results skipped="1" failed="0" total="2" passed="1">
  <reporter-output>
  </reporter-output>
  <suite name="Suite" duration-ms="22884" started-at="2019-11-20T00:06:17Z" finished-at="2019-11-20T00:06:40Z">
    <groups>
    </groups>
    <test name="BitBarTest" duration-ms="2351" started-at="2019-11-20T00:06:17Z" finished-at="2019-11-20T00:06:20Z">
      <class name="com.shoppingcart.shoppingcart.AndroidAppiumExampleTest">
        <test-method status="FAIL" signature="setUp()[pri:0, instance:com.shoppingcart.shoppingcart.AndroidAppiumExampleTest@520a3426]" name="setUp" is-config="true" duration-ms="0" started-at="2019-11-20T00:06:17Z" finished-at="2019-11-20T00:06:17Z">
          <exception class="org.openqa.selenium.WebDriverException">
            <message>
              <![CDATA[org.apache.http.conn.HttpHostConnectException: Connect to localhost:4723 [localhost/127.0.0.1, localhost/0:0:0:0:0:0:0:1] failed: Connection refused: connect
Build info: version: '3.12.0', revision: '7c6e0b3', time: '2018-05-08T14:04:26.12Z'
System info: host: 'SB-IE-9T7CPN2', ip: '172.19.144.1', os.name: 'Windows 10', os.arch: 'amd64', os.version: '10.0', java.version: '1.8.0_221'
Driver info: driver.version: AndroidDriver]]>
            </message>
            <full-stacktrace>
              <![CDATA[org.openqa.selenium.WebDriverException: org.apache.http.conn.HttpHostConnectException: Connect to localhost:4723 [localhost/127.0.0.1, localhost/0:0:0:0:0:0:0:1] failed: Connection refused: connect
Build info: version: '3.12.0', revision: '7c6e0b3', time: '2018-05-08T14:04:26.12Z'
System info: host: 'SB-IE-9T7CPN2', ip: '172.19.144.1', os.name: 'Windows 10', os.arch: 'amd64', os.version: '10.0', java.version: '1.8.0_221'
Driver info: driver.version: AndroidDriver
	at io.appium.java_client.remote.AppiumCommandExecutor.execute(AppiumCommandExecutor.java:84)
	at org.openqa.selenium.remote.RemoteWebDriver.execute(RemoteWebDriver.java:543)
	at io.appium.java_client.DefaultGenericMobileDriver.execute(DefaultGenericMobileDriver.java:40)
	at io.appium.java_client.AppiumDriver.execute(AppiumDriver.java:1)
	at io.appium.java_client.android.AndroidDriver.execute(AndroidDriver.java:1)
	at org.openqa.selenium.remote.RemoteWebDriver.startSession(RemoteWebDriver.java:207)
	at org.openqa.selenium.remote.RemoteWebDriver.<init>(RemoteWebDriver.java:130)
	at io.appium.java_client.DefaultGenericMobileDriver.<init>(DefaultGenericMobileDriver.java:36)
	at io.appium.java_client.AppiumDriver.<init>(AppiumDriver.java:114)
	at io.appium.java_client.AppiumDriver.<init>(AppiumDriver.java:132)
	at io.appium.java_client.android.AndroidDriver.<init>(AndroidDriver.java:92)
	at com.testdroid.appium.BaseAndroidTest.setAppiumDriver(BaseAndroidTest.java:14)
	at com.testdroid.appium.BaseTest.setUpAppiumDriver(BaseTest.java:76)
	at com.testdroid.appium.BaseTest.setUpTest(BaseTest.java:33)
	at com.shoppingcart.shoppingcart.AndroidAppiumExampleTest.setUp(AndroidAppiumExampleTest.java:19)
	at sun.reflect.NativeMethodAccessorImpl.invoke0(Native Method)
	at sun.reflect.NativeMethodAccessorImpl.invoke(NativeMethodAccessorImpl.java:62)
	at sun.reflect.DelegatingMethodAccessorImpl.invoke(DelegatingMethodAccessorImpl.java:43)
	at java.lang.reflect.Method.invoke(Method.java:498)
	at org.testng.internal.MethodInvocationHelper.invokeMethod(MethodInvocationHelper.java:80)
	at org.testng.internal.Invoker.invokeConfigurationMethod(Invoker.java:564)
	at org.testng.internal.Invoker.invokeConfigurations(Invoker.java:213)
	at org.testng.internal.Invoker.invokeConfigurations(Invoker.java:138)
	at org.testng.internal.TestMethodWorker.invokeBeforeClassMethods(TestMethodWorker.java:175)
	at org.testng.internal.TestMethodWorker.run(TestMethodWorker.java:107)
	at org.testng.TestRunner.privateRun(TestRunner.java:767)
	at org.testng.TestRunner.run(TestRunner.java:617)
	at org.testng.SuiteRunner.runTest(SuiteRunner.java:334)
	at org.testng.SuiteRunner.access$000(SuiteRunner.java:37)
	at org.testng.SuiteRunner$SuiteWorker.run(SuiteRunner.java:368)
	at org.testng.internal.thread.ThreadUtil$2.call(ThreadUtil.java:64)
	at java.util.concurrent.FutureTask.run(FutureTask.java:266)
	at java.util.concurrent.ThreadPoolExecutor.runWorker(ThreadPoolExecutor.java:1149)
	at java.util.concurrent.ThreadPoolExecutor$Worker.run(ThreadPoolExecutor.java:624)
	at java.lang.Thread.run(Thread.java:748)
Caused by: org.apache.http.conn.HttpHostConnectException: Connect to localhost:4723 [localhost/127.0.0.1, localhost/0:0:0:0:0:0:0:1] failed: Connection refused: connect
	at org.apache.http.impl.conn.DefaultHttpClientConnectionOperator.connect(DefaultHttpClientConnectionOperator.java:158)
	at org.apache.http.impl.conn.PoolingHttpClientConnectionManager.connect(PoolingHttpClientConnectionManager.java:353)
	at org.apache.http.impl.execchain.MainClientExec.establishRoute(MainClientExec.java:380)
	at org.apache.http.impl.execchain.MainClientExec.execute(MainClientExec.java:236)
	at org.apache.http.impl.execchain.ProtocolExec.execute(ProtocolExec.java:184)
	at org.apache.http.impl.execchain.RetryExec.execute(RetryExec.java:88)
	at org.apache.http.impl.execchain.RedirectExec.execute(RedirectExec.java:110)
	at org.apache.http.impl.client.InternalHttpClient.doExecute(InternalHttpClient.java:184)
	at org.apache.http.impl.client.CloseableHttpClient.execute(CloseableHttpClient.java:71)
	at org.apache.http.impl.client.CloseableHttpClient.execute(CloseableHttpClient.java:55)
	at org.openqa.selenium.remote.internal.ApacheHttpClient.fallBackExecute(ApacheHttpClient.java:154)
	at org.openqa.selenium.remote.internal.ApacheHttpClient.execute(ApacheHttpClient.java:96)
	at org.openqa.selenium.remote.ProtocolHandshake.createSession(ProtocolHandshake.java:101)
	at org.openqa.selenium.remote.ProtocolHandshake.createSession(ProtocolHandshake.java:73)
	at org.openqa.selenium.remote.HttpCommandExecutor.execute(HttpCommandExecutor.java:136)
	at io.appium.java_client.remote.AppiumCommandExecutor.execute(AppiumCommandExecutor.java:69)
	... 34 more
Caused by: java.net.ConnectException: Connection refused: connect
	at java.net.DualStackPlainSocketImpl.waitForConnect(Native Method)
	at java.net.DualStackPlainSocketImpl.socketConnect(DualStackPlainSocketImpl.java:85)
	at java.net.AbstractPlainSocketImpl.doConnect(AbstractPlainSocketImpl.java:350)
	at java.net.AbstractPlainSocketImpl.connectToAddress(AbstractPlainSocketImpl.java:206)
	at java.net.AbstractPlainSocketImpl.connect(AbstractPlainSocketImpl.java:188)
	at java.net.PlainSocketImpl.connect(PlainSocketImpl.java:172)
	at java.net.SocksSocketImpl.connect(SocksSocketImpl.java:392)
	at java.net.Socket.connect(Socket.java:589)
	at org.apache.http.conn.socket.PlainConnectionSocketFactory.connectSocket(PlainConnectionSocketFactory.java:74)
	at org.apache.http.impl.conn.DefaultHttpClientConnectionOperator.connect(DefaultHttpClientConnectionOperator.java:141)
	... 49 more
]]>
            </full-stacktrace>
          </exception> <!-- org.openqa.selenium.WebDriverException -->
          <reporter-output>
          </reporter-output>
        </test-method> <!-- setUp -->
        <test-method status="SKIP" signature="mainPageTest()[pri:0, instance:com.shoppingcart.shoppingcart.AndroidAppiumExampleTest@520a3426]" name="mainPageTest" duration-ms="1" started-at="2019-11-20T00:06:20Z" finished-at="2019-11-20T00:06:20Z">
          <reporter-output>
          </reporter-output>
        </test-method> <!-- mainPageTest -->
        <test-method status="SKIP" signature="tearDown()[pri:0, instance:com.shoppingcart.shoppingcart.AndroidAppiumExampleTest@520a3426]" name="tearDown" is-config="true" duration-ms="0" started-at="2019-11-20T00:06:20Z" finished-at="2019-11-20T00:06:20Z">
          <reporter-output>
          </reporter-output>
        </test-method> <!-- tearDown -->
      </class> <!-- com.shoppingcart.shoppingcart.AndroidAppiumExampleTest -->
      <class name="com.shoppingcart.shoppingcart.AppTest">
        <test-method status="PASS" signature="setup()[pri:0, instance:com.shoppingcart.shoppingcart.AppTest@67b6d4ae]" name="setup" is-config="true" duration-ms="67060" started-at="2019-11-20T00:05:10Z" finished-at="2019-11-20T00:06:17Z">
          <reporter-output>
          </reporter-output>
        </test-method> <!-- setup -->
        <test-method status="FAIL" signature="tearDown()[pri:0, instance:com.shoppingcart.shoppingcart.AppTest@67b6d4ae]" name="tearDown" is-config="true" duration-ms="0" started-at="2019-11-20T00:06:40Z" finished-at="2019-11-20T00:06:40Z">
          <exception class="java.lang.NoSuchMethodError">
            <message>
              <![CDATA[com.google.gson.Gson.newBuilder()Lcom/google/gson/GsonBuilder;]]>
            </message>
            <full-stacktrace>
              <![CDATA[java.lang.NoSuchMethodError: com.google.gson.Gson.newBuilder()Lcom/google/gson/GsonBuilder;
	at kong.unirest.json.JSONElement.<clinit>(JSONElement.java:39)
	at kong.unirest.JsonNode.<init>(JsonNode.java:44)
	at kong.unirest.JsonResponse.toJsonNode(JsonResponse.java:49)
	at kong.unirest.JsonResponse.getNode(JsonResponse.java:43)
	at kong.unirest.JsonResponse.<init>(JsonResponse.java:35)
	at kong.unirest.apache.BaseApacheClient.transformBody(BaseApacheClient.java:53)
	at kong.unirest.apache.ApacheClient.request(ApacheClient.java:128)
	at kong.unirest.BaseRequest.asJson(BaseRequest.java:213)
	at com.shoppingcart.shoppingcart.AppTest.setScore(AppTest.java:92)
	at com.shoppingcart.shoppingcart.AppTest.tearDown(AppTest.java:98)
	at sun.reflect.NativeMethodAccessorImpl.invoke0(Native Method)
	at sun.reflect.NativeMethodAccessorImpl.invoke(NativeMethodAccessorImpl.java:62)
	at sun.reflect.DelegatingMethodAccessorImpl.invoke(DelegatingMethodAccessorImpl.java:43)
	at java.lang.reflect.Method.invoke(Method.java:498)
	at org.testng.internal.MethodInvocationHelper.invokeMethod(MethodInvocationHelper.java:80)
	at org.testng.internal.Invoker.invokeConfigurationMethod(Invoker.java:564)
	at org.testng.internal.Invoker.invokeConfigurations(Invoker.java:213)
	at org.testng.internal.Invoker.invokeConfigurations(Invoker.java:138)
	at org.testng.SuiteRunner.privateRun(SuiteRunner.java:308)
	at org.testng.SuiteRunner.run(SuiteRunner.java:240)
	at org.testng.SuiteRunnerWorker.runSuite(SuiteRunnerWorker.java:52)
	at org.testng.SuiteRunnerWorker.run(SuiteRunnerWorker.java:86)
	at org.testng.TestNG.runSuitesSequentially(TestNG.java:1198)
	at org.testng.TestNG.runSuitesLocally(TestNG.java:1123)
	at org.testng.TestNG.run(TestNG.java:1031)
	at org.apache.maven.surefire.testng.TestNGExecutor.run(TestNGExecutor.java:283)
	at org.apache.maven.surefire.testng.TestNGXmlTestSuite.execute(TestNGXmlTestSuite.java:75)
	at org.apache.maven.surefire.testng.TestNGProvider.invoke(TestNGProvider.java:120)
	at org.apache.maven.surefire.booter.ForkedBooter.invokeProviderInSameClassLoader(ForkedBooter.java:379)
	at org.apache.maven.surefire.booter.ForkedBooter.runSuitesInProcess(ForkedBooter.java:340)
	at org.apache.maven.surefire.booter.ForkedBooter.execute(ForkedBooter.java:125)
	at org.apache.maven.surefire.booter.ForkedBooter.main(ForkedBooter.java:413)
]]>
            </full-stacktrace>
          </exception> <!-- java.lang.NoSuchMethodError -->
          <reporter-output>
          </reporter-output>
        </test-method> <!-- tearDown -->
      </class> <!-- com.shoppingcart.shoppingcart.AppTest -->
    </test> <!-- BitBarTest -->
    <test name="CBTTest" duration-ms="22884" started-at="2019-11-20T00:06:17Z" finished-at="2019-11-20T00:06:40Z">
      <class name="com.shoppingcart.shoppingcart.AppTest">
        <test-method status="PASS" signature="Login()[pri:0, instance:com.shoppingcart.shoppingcart.AppTest@67b6d4ae]" name="Login" is-config="true" duration-ms="10930" started-at="2019-11-20T00:06:17Z" finished-at="2019-11-20T00:06:28Z">
          <reporter-output>
          </reporter-output>
        </test-method> <!-- Login -->
        <test-method status="PASS" signature="Shopping()[pri:0, instance:com.shoppingcart.shoppingcart.AppTest@67b6d4ae]" name="Shopping" duration-ms="11953" started-at="2019-11-20T00:06:28Z" finished-at="2019-11-20T00:06:40Z">
          <reporter-output>
          </reporter-output>
        </test-method> <!-- Shopping -->
      </class> <!-- com.shoppingcart.shoppingcart.AppTest -->
    </test> <!-- CBTTest -->
  </suite> <!-- Suite -->
</testng-results>
